[debug] [2026-05-06T08:03:00.903Z] ----------------------------------------------------------------------
[debug] [2026-05-06T08:03:00.906Z] Command:       /Users/rodave/.nvm/versions/node/v24.15.0/bin/node /Users/rodave/.nvm/versions/node/v24.15.0/bin/firebase deploy
[debug] [2026-05-06T08:03:00.906Z] CLI Version:   15.15.0
[debug] [2026-05-06T08:03:00.907Z] Platform:      darwin
[debug] [2026-05-06T08:03:00.907Z] Node Version:  v24.15.0
[debug] [2026-05-06T08:03:00.907Z] Time:          Wed May 06 2026 16:03:00 GMT+0800 (Philippine Standard Time)
[debug] [2026-05-06T08:03:00.907Z] ----------------------------------------------------------------------
[debug] 
[debug] [2026-05-06T08:03:01.852Z] > command requires scopes: ["email","openid","https://www.googleapis.com/auth/cloudplatformprojects.readonly","https://www.googleapis.com/auth/firebase","https://www.googleapis.com/auth/cloud-platform"]
[debug] [2026-05-06T08:03:01.852Z] > authorizing via signed-in user (rodave.developer@gmail.com)
[debug] [2026-05-06T08:03:01.852Z] [iam] checking project daenerys-laravel for permissions ["firebase.projects.get","firebasehosting.sites.update"]
[debug] [2026-05-06T08:03:01.853Z] Checked if tokens are valid: true, expires at: 1778058111265
[debug] [2026-05-06T08:03:01.853Z] Checked if tokens are valid: true, expires at: 1778058111265
[debug] [2026-05-06T08:03:01.853Z] >>> [apiv2][query] POST https://cloudresourcemanager.googleapis.com/v1/projects/daenerys-laravel:testIamPermissions [none]
[debug] [2026-05-06T08:03:01.854Z] >>> [apiv2][(partial)header] POST https://cloudresourcemanager.googleapis.com/v1/projects/daenerys-laravel:testIamPermissions  x-goog-user-project=daenerys-laravel
[debug] [2026-05-06T08:03:01.854Z] >>> [apiv2][body] POST https://cloudresourcemanager.googleapis.com/v1/projects/daenerys-laravel:testIamPermissions {"permissions":["firebase.projects.get","firebasehosting.sites.update"]}
[debug] [2026-05-06T08:03:02.999Z] <<< [apiv2][status] POST https://cloudresourcemanager.googleapis.com/v1/projects/daenerys-laravel:testIamPermissions 200
[debug] [2026-05-06T08:03:02.999Z] <<< [apiv2][body] POST https://cloudresourcemanager.googleapis.com/v1/projects/daenerys-laravel:testIamPermissions {"permissions":["firebase.projects.get","firebasehosting.sites.update"]}
[debug] [2026-05-06T08:03:03.000Z] Checked if tokens are valid: true, expires at: 1778058111265
[debug] [2026-05-06T08:03:03.000Z] Checked if tokens are valid: true, expires at: 1778058111265
[debug] [2026-05-06T08:03:03.000Z] >>> [apiv2][query] GET https://firebase.googleapis.com/v1beta1/projects/daenerys-laravel [none]
[debug] [2026-05-06T08:03:03.426Z] <<< [apiv2][status] GET https://firebase.googleapis.com/v1beta1/projects/daenerys-laravel 200
[debug] [2026-05-06T08:03:03.426Z] <<< [apiv2][body] GET https://firebase.googleapis.com/v1beta1/projects/daenerys-laravel {"projectId":"daenerys-laravel","projectNumber":"1069270814554","displayName":"Daenerys Laravel","name":"projects/daenerys-laravel","resources":{"hostingSite":"daenerys-laravel"},"state":"ACTIVE","etag":"1_a2fe283f-5c6d-401d-9aa9-3d1cf622431a"}
[info] 
[info] === Deploying to 'daenerys-laravel'...
[info] 
[info] i  deploying hosting 
[info] Running command: npm run buildpwa
[info] ✔  hosting: Finished running predeploy script. 
[debug] [2026-05-06T08:03:06.845Z] Checked if tokens are valid: true, expires at: 1778058111265
[debug] [2026-05-06T08:03:06.845Z] Checked if tokens are valid: true, expires at: 1778058111265
[debug] [2026-05-06T08:03:06.845Z] >>> [apiv2][query] POST https://firebasehosting.googleapis.com/v1beta1/projects/-/sites/daenerys-laravel/versions [none]
[debug] [2026-05-06T08:03:06.845Z] >>> [apiv2][body] POST https://firebasehosting.googleapis.com/v1beta1/projects/-/sites/daenerys-laravel/versions {"status":"CREATED","labels":{"deployment-tool":"cli-firebase"}}
[debug] [2026-05-06T08:03:08.324Z] <<< [apiv2][status] POST https://firebasehosting.googleapis.com/v1beta1/projects/-/sites/daenerys-laravel/versions 200
[debug] [2026-05-06T08:03:08.325Z] <<< [apiv2][body] POST https://firebasehosting.googleapis.com/v1beta1/projects/-/sites/daenerys-laravel/versions {"name":"projects/1069270814554/sites/daenerys-laravel/versions/97fe904928567269","status":"CREATED","config":{},"labels":{"deployment-tool":"cli-firebase"}}
[info] i  hosting[daenerys-laravel]: beginning deploy... 
[info] i  hosting[daenerys-laravel]: found 47 files in dist/pwa 
[debug] [2026-05-06T08:03:08.337Z] [hosting] uploading with 200 concurrency
[debug] [2026-05-06T08:03:08.470Z] Checked if tokens are valid: true, expires at: 1778058111265
[debug] [2026-05-06T08:03:08.470Z] Checked if tokens are valid: true, expires at: 1778058111265
[debug] [2026-05-06T08:03:08.470Z] [hosting] hash cache [ZGlzdC9wd2E] stored for 47 files
[debug] [2026-05-06T08:03:08.470Z] [hosting][hash queue][FINAL] {"max":130,"min":3,"avg":18.680851063829795,"active":0,"complete":47,"success":47,"errored":0,"retried":0,"total":47,"elapsed":131}
[debug] [2026-05-06T08:03:08.471Z] >>> [apiv2][query] POST https://firebasehosting.googleapis.com/v1beta1/projects/1069270814554/sites/daenerys-laravel/versions/97fe904928567269:populateFiles [none]
[debug] [2026-05-06T08:03:08.471Z] >>> [apiv2][body] POST https://firebasehosting.googleapis.com/v1beta1/projects/1069270814554/sites/daenerys-laravel/versions/97fe904928567269:populateFiles {"files":{"/README.md":"f1b651238a58fe290baec6c5e32f3bdb1943dd2bd582f02569231f7a757c7837","/manifest.json":"122fa48f185482831ed6beb8d74fc4ecf2be13893c63fc500595561cf5a13359","/sw.js":"58c935c045d33deb89be589a7381ae37ce85639ae6773a8d3b0bcaabe283aefe","/index.html":"8fdfd5901897f068f81bb1c2e024b13970930e1d52a934a957ea3d14bd8bb5f9","/assets/pwa-camera.entry.30f48ffc.js":"483c4d633e55d9dedbb4ebd671f04692b20634a3ef2f6c1676a36a1d828608f9","/assets/pwa-action-sheet.entry.ce26a3f6.js":"e595329e1edbb3d8bf4bb5a9c7ee0408e71df47389df6395e721f77dd8bbf087","/assets/pwa-camera-modal-instance.entry.7ab26e70.js":"448b5dd779ff11d55067ea6be858b6fa6c343cc5ea04409084689ada272a7356","/assets/pwa-toast.entry.41d07765.js":"08c9cd1c4d1dd9bb7339796cbd69976adec71c997de8420ebe402221574d50e4","/assets/plugin-vue_export-helper.21dcd24c.js":"1c3d51f767d210e92caea4ac3ed58c47864a8830bd117b9e9421678767cc6d03","/assets/pinia.28ebdc1e.js":"715acbdf2bce6da7958d76482a73db6f3121eabdb6d6f98f664aee87b711a432","/assets/pwa-camera-modal.entry.294b61d4.js":"1800d71467e55f3947cd460ac475093ce4d90e24b2c1ce1bc299e6bf41508e81","/assets/bg1.0da398b5.js":"c6c8d97f7eaef40934cbfaede21fb201e9cceb5c62164849cf5b55e6a3949be5","/assets/capacitor.19e1146e.js":"4c62f1787b6a6f9f8449f141863f9f10696e1e25d4dde0931ca1e5d5f63cfbc3","/assets/app-setup.89866fa1.js":"63fa31c535e11991ae160f349def5087b7daf16a642a352f9b483899c9671ce7","/assets/TestPage.e5b81dc0.js":"ef8b8fbda5fd312594a3af324837d83f9fa3f579127c17d58998cd27cb6816d4","/assets/SectionTwo.f7c4d382.js":"3cf42d00258ee176a5c1bd6703a4230146267dfd0e4743dfa77829e4a16b0fa0","/assets/SectionTwo.bb3147ec.css":"07efaf7e8853b3a5399d4b1104f14bf467a64fcc08593c8383f2a8d439cc0125","/assets/SectionOne.6ebb0a84.css":"91fd16558cdb5de0159ab0d34947300f292b3c0c7a5dd5b12ec6646f0899da7d","/assets/SectionOne.403a48a6.js":"21c4dd3e23d03c21e1c19190ff164cda95fba9a09ba98b7bac54620a08c75b60","/assets/SectionThree.86614009.js":"7300c666fce72550610817559b068d93ffafef241b246d5f8363e13b954bc4cc","/assets/SectionThree.180079cc.css":"9f96c608a994fbd5cc2072cf3b77ed70589f9a4b4cca365dbcf5f1893147d959","/assets/SectionFive.c41efe1e.js":"a896d47da798b53606cdf86acf05265ec1037b4dedd800c81f4d564177de9f2a","/assets/SectionFour.8d973245.js":"41ee8e2a032b94af473e46ec6adf24a9880e47ccfecda1033a11eaad159c54fc","/assets/SectionFour.f7fe67b5.css":"a78fc3a9f5158c29082c5a90468f0772afbc0a107ccb04de374ed36b74f1691d","/assets/SectionFive.a3aff761.css":"642a2ad3842fa75c7d614ae84eef4105e4cf8c75b7bbfda59e243f65e4f0f7b4","/assets/QPage.641e699f.js":"6449f3e0298eec37807e61ba772c94d3dc8bdcf940384ac83aa870178dde3917","/assets/MainLayout.cc6ce097.js":"ef73369a5a6dd7fbe9f5a63ea486178009b9af41dc38335e67c161aa9fa3af79","/assets/IndexPage.ccc36cbb.css":"c5c25837b354cc66ba7a1f283822f6e648cea384d0a6c31dcc14039d8461da4a","/assets/axios.c9347f6c.js":"0c35a3963a39c021f10f0d71b55db5c06108480031010a23f6b91655750a6974","/assets/IndexPage.03307737.js":"03ac2a3cec63310b63e33e32d078e4f304e78ebcc604d5eaf3622515cbf9f568","/assets/ErrorNotFound.b1a4b82e.js":"e0f31acf4a739f8b63bb8dcd4622b5bd6615c2dd64bfabb3ab0bbe89b5126d38","/assets/i18n.a0311983.js":"59c73c8469a3a3abbce706d4661b9ddf7a1bf8ffe4e7eb6b79cf88de4bb27968","/assets/KFOlCnqEu92Fr1MmYUtfBBc-.f6537e32.woff":"8f83486317df6929cd5dab3b4950532d7dc8e09388ce7be1ccceb4717204ccef","/assets/KFOmCnqEu92Fr1Mu4mxM.f2abf7fb.woff":"55eb2d9d916e9782c60cc6596565105fd9c98a6a503626f48fb456a309951c3d","/assets/KFOlCnqEu92Fr1MmSU5fBBc-.bf14c7d7.woff":"faaafd85b7b5bcfb5359505e270a8b13e1be6ce8061c71df3923f0079237df05","/assets/KFOlCnqEu92Fr1MmEU9fBBc-.9ce7f3ac.woff":"96a32b72ce79d25326053baeafb795531c4fefcf1914391016f88e9f357c0089","/assets/KFOlCnqEu92Fr1MmWUlfBBc-.e0fd57c0.woff":"b4e698be8d23d7c47f99680ca8dcd2690d8b8f05978b8384c2c670c82173c57d","/assets/KFOkCnqEu92Fr1MmgVxIIzQ.34e9582c.woff":"2a56f94b05de30da4deb6244741b7ed9db9688c094d1fcfa4797609a1d8865e1","/assets/index.f2537a97.css":"c43d3265c334de10d3fd7edf8a600154f4882e59a84c967f6c9d0344baec7238","/assets/flUhRq6tzZclQEJ-Vdg-IuiaDsNcIhQ8tQ.4a4dbc62.woff2":"d14637dd65fcd466e7e66d137606373ab851fb58fdf44057df0270e56998b7a1","/assets/index.b4fdb320.js":"af341371fe0ab869c9738d119ace020c332534f728dbccf6c9374c9af875eb6e","/assets/flUhRq6tzZclQEJ-Vdg-IuiaDsNa.fd84f88b.woff":"6bf6b1e7c3111391c4042a5c5081944b042b9f0546346b7df1faa8ebc88f3063","/assets/schedule.72eb16b6.png":"a0f8303f6c245f9192959f385a81802d3f5e2a7b726df9263f6cf992e6e43c43","/assets/section2.00e7b3dd.png":"0b23e0779fdf4a719329e71c20cb5bd9ffb473e51f9fc3a02e96d94ec729ea29","/pdf.worker.mjs":"80c1d1a757d9bc60c524450d7889a5bf854e74a3e9aaf2d75e5a8aa43922a8a2","/assets/bg1.b90541d2.png":"19006dec716ba14a6db2ea6c0908ec550d5b0cd351991e973112935df10f7918","/assets/section1.8fe9434b.gif":"38a13331827e97ae4397547ec0efcc10f808787da8ccba5d0806b8f639d227ce"}}
